<html>
<head>
<title>TestNG:  ApiTest</title>
<link href="../testng.css" rel="stylesheet" type="text/css" />
<link href="../my-testng.css" rel="stylesheet" type="text/css" />

<style type="text/css">
.log { display: none;} 
.stack-trace { display: none;} 
</style>
<script type="text/javascript">
<!--
function flip(e) {
  current = e.style.display;
  if (current == 'block') {
    e.style.display = 'none';
    return 0;
  }
  else {
    e.style.display = 'block';
    return 1;
  }
}

function toggleBox(szDivId, elem, msg1, msg2)
{
  var res = -1;  if (document.getElementById) {
    res = flip(document.getElementById(szDivId));
  }
  else if (document.all) {
    // this is the way old msie versions work
    res = flip(document.all[szDivId]);
  }
  if(elem) {
    if(res == 0) elem.innerHTML = msg1; else elem.innerHTML = msg2;
  }

}

function toggleAllBoxes() {
  if (document.getElementsByTagName) {
    d = document.getElementsByTagName('div');
    for (i = 0; i < d.length; i++) {
      if (d[i].className == 'log') {
        flip(d[i]);
      }
    }
  }
}

// -->
</script>

</head>
<body>
<h2 align='center'>ApiTest</h2><table border='1' align="center">
<tr>
<td>Tests passed/Failed/Skipped:</td><td>18/3/0</td>
</tr><tr>
<td>Started on:</td><td>Mon Oct 10 15:35:19 PDT 2016</td>
</tr>
<tr><td>Total time:</td><td>3 seconds (3472 ms)</td>
</tr><tr>
<td>Included groups:</td><td></td>
</tr><tr>
<td>Excluded groups:</td><td></td>
</tr>
</table><p/>
<small><i>(Hover the method name to see the test class name)</i></small><p/>
<table width='100%' border='1' class='invocation-failed'>
<tr><td colspan='4' align='center'><b>FAILED TESTS</b></td></tr>
<tr><td><b>Test method</b></td>
<td width="30%"><b>Exception</b></td>
<td width="10%"><b>Time (seconds)</b></td>
<td><b>Instance</b></td>
</tr>
<tr>
<td title='automationFramework.TestCases.ApiOamLinkSubsystemErrors.ApiBalanceTransferLarge()'><b>ApiBalanceTransferLarge</b><br>Test class: automationFramework.TestCases.ApiOamLinkSubsystemErrors</td>
<td><div><pre>java.lang.AssertionError: expected [true] but found [false]
	at automationFramework.TestCases.ApiOamLinkSubsystemErrors.sendApiRequest(ApiOamLinkSubsystemErrors.java:183)
	at automationFramework.TestCases.ApiOamLinkSubsystemErrors.ApiBalanceTransferLarge(ApiOamLinkSubsystemErrors.java:143)
... Removed 28 stack frames</pre></div><a href='#' onClick='toggleBox("stack-trace1933129092", this, "Click to show all stack frames", "Click to hide stack frames")'>Click to show all stack frames</a>
<div class='stack-trace' id='stack-trace1933129092'><pre>java.lang.AssertionError: expected [true] but found [false]
	at org.testng.Assert.fail(Assert.java:94)
	at org.testng.Assert.failNotEquals(Assert.java:494)
	at org.testng.Assert.assertTrue(Assert.java:42)
	at org.testng.Assert.assertTrue(Assert.java:52)
	at automationFramework.TestCases.ApiOamLinkSubsystemErrors.sendApiRequest(ApiOamLinkSubsystemErrors.java:183)
	at automationFramework.TestCases.ApiOamLinkSubsystemErrors.ApiBalanceTransferLarge(ApiOamLinkSubsystemErrors.java:143)
	at sun.reflect.NativeMethodAccessorImpl.invoke0(Native Method)
	at sun.reflect.NativeMethodAccessorImpl.invoke(Unknown Source)
	at sun.reflect.DelegatingMethodAccessorImpl.invoke(Unknown Source)
	at java.lang.reflect.Method.invoke(Unknown Source)
	at org.testng.internal.MethodInvocationHelper.invokeMethod(MethodInvocationHelper.java:80)
	at org.testng.internal.Invoker.invokeMethod(Invoker.java:714)
	at org.testng.internal.Invoker.invokeTestMethod(Invoker.java:901)
	at org.testng.internal.Invoker.invokeTestMethods(Invoker.java:1231)
	at org.testng.internal.TestMethodWorker.invokeTestMethods(TestMethodWorker.java:127)
	at org.testng.internal.TestMethodWorker.run(TestMethodWorker.java:111)
	at org.testng.TestRunner.privateRun(TestRunner.java:767)
	at org.testng.TestRunner.run(TestRunner.java:617)
	at org.testng.SuiteRunner.runTest(SuiteRunner.java:334)
	at org.testng.SuiteRunner.runSequentially(SuiteRunner.java:329)
	at org.testng.SuiteRunner.privateRun(SuiteRunner.java:291)
	at org.testng.SuiteRunner.run(SuiteRunner.java:240)
	at org.testng.SuiteRunnerWorker.runSuite(SuiteRunnerWorker.java:52)
	at org.testng.SuiteRunnerWorker.run(SuiteRunnerWorker.java:86)
	at org.testng.TestNG.runSuitesSequentially(TestNG.java:1198)
	at org.testng.TestNG.runSuitesLocally(TestNG.java:1123)
	at org.testng.TestNG.run(TestNG.java:1031)
	at org.testng.remote.AbstractRemoteTestNG.run(AbstractRemoteTestNG.java:126)
	at org.testng.remote.RemoteTestNG.initAndRun(RemoteTestNG.java:137)
	at org.testng.remote.RemoteTestNG.main(RemoteTestNG.java:58)
</pre></div></td>
<td>2</td>
<td>automationFramework.TestCases.ApiOamLinkSubsystemErrors@2a556333</td></tr>
<tr>
<td title='automationFramework.TestCases.ApiOamLinkSubsystemErrors.ApiErrorAccountMax()'><b>ApiErrorAccountMax</b><br>Test class: automationFramework.TestCases.ApiOamLinkSubsystemErrors</td>
<td><div><pre>java.lang.AssertionError: expected [true] but found [false]
	at automationFramework.TestCases.ApiOamLinkSubsystemErrors.sendApiRequest(ApiOamLinkSubsystemErrors.java:183)
	at automationFramework.TestCases.ApiOamLinkSubsystemErrors.ApiErrorAccountMax(ApiOamLinkSubsystemErrors.java:84)
... Removed 28 stack frames</pre></div><a href='#' onClick='toggleBox("stack-trace248487859", this, "Click to show all stack frames", "Click to hide stack frames")'>Click to show all stack frames</a>
<div class='stack-trace' id='stack-trace248487859'><pre>java.lang.AssertionError: expected [true] but found [false]
	at org.testng.Assert.fail(Assert.java:94)
	at org.testng.Assert.failNotEquals(Assert.java:494)
	at org.testng.Assert.assertTrue(Assert.java:42)
	at org.testng.Assert.assertTrue(Assert.java:52)
	at automationFramework.TestCases.ApiOamLinkSubsystemErrors.sendApiRequest(ApiOamLinkSubsystemErrors.java:183)
	at automationFramework.TestCases.ApiOamLinkSubsystemErrors.ApiErrorAccountMax(ApiOamLinkSubsystemErrors.java:84)
	at sun.reflect.NativeMethodAccessorImpl.invoke0(Native Method)
	at sun.reflect.NativeMethodAccessorImpl.invoke(Unknown Source)
	at sun.reflect.DelegatingMethodAccessorImpl.invoke(Unknown Source)
	at java.lang.reflect.Method.invoke(Unknown Source)
	at org.testng.internal.MethodInvocationHelper.invokeMethod(MethodInvocationHelper.java:80)
	at org.testng.internal.Invoker.invokeMethod(Invoker.java:714)
	at org.testng.internal.Invoker.invokeTestMethod(Invoker.java:901)
	at org.testng.internal.Invoker.invokeTestMethods(Invoker.java:1231)
	at org.testng.internal.TestMethodWorker.invokeTestMethods(TestMethodWorker.java:127)
	at org.testng.internal.TestMethodWorker.run(TestMethodWorker.java:111)
	at org.testng.TestRunner.privateRun(TestRunner.java:767)
	at org.testng.TestRunner.run(TestRunner.java:617)
	at org.testng.SuiteRunner.runTest(SuiteRunner.java:334)
	at org.testng.SuiteRunner.runSequentially(SuiteRunner.java:329)
	at org.testng.SuiteRunner.privateRun(SuiteRunner.java:291)
	at org.testng.SuiteRunner.run(SuiteRunner.java:240)
	at org.testng.SuiteRunnerWorker.runSuite(SuiteRunnerWorker.java:52)
	at org.testng.SuiteRunnerWorker.run(SuiteRunnerWorker.java:86)
	at org.testng.TestNG.runSuitesSequentially(TestNG.java:1198)
	at org.testng.TestNG.runSuitesLocally(TestNG.java:1123)
	at org.testng.TestNG.run(TestNG.java:1031)
	at org.testng.remote.AbstractRemoteTestNG.run(AbstractRemoteTestNG.java:126)
	at org.testng.remote.RemoteTestNG.initAndRun(RemoteTestNG.java:137)
	at org.testng.remote.RemoteTestNG.main(RemoteTestNG.java:58)
</pre></div></td>
<td>0</td>
<td>automationFramework.TestCases.ApiOamLinkSubsystemErrors@2a556333</td></tr>
<tr>
<td title='automationFramework.TestCases.ApiOamLinkSubsystemErrors.ApiSubsystemIdMax()'><b>ApiSubsystemIdMax</b><br>Test class: automationFramework.TestCases.ApiOamLinkSubsystemErrors</td>
<td><div><pre>java.lang.AssertionError: expected [true] but found [false]
	at automationFramework.TestCases.ApiOamLinkSubsystemErrors.sendApiRequest(ApiOamLinkSubsystemErrors.java:183)
	at automationFramework.TestCases.ApiOamLinkSubsystemErrors.ApiSubsystemIdMax(ApiOamLinkSubsystemErrors.java:118)
... Removed 28 stack frames</pre></div><a href='#' onClick='toggleBox("stack-trace1061018585", this, "Click to show all stack frames", "Click to hide stack frames")'>Click to show all stack frames</a>
<div class='stack-trace' id='stack-trace1061018585'><pre>java.lang.AssertionError: expected [true] but found [false]
	at org.testng.Assert.fail(Assert.java:94)
	at org.testng.Assert.failNotEquals(Assert.java:494)
	at org.testng.Assert.assertTrue(Assert.java:42)
	at org.testng.Assert.assertTrue(Assert.java:52)
	at automationFramework.TestCases.ApiOamLinkSubsystemErrors.sendApiRequest(ApiOamLinkSubsystemErrors.java:183)
	at automationFramework.TestCases.ApiOamLinkSubsystemErrors.ApiSubsystemIdMax(ApiOamLinkSubsystemErrors.java:118)
	at sun.reflect.NativeMethodAccessorImpl.invoke0(Native Method)
	at sun.reflect.NativeMethodAccessorImpl.invoke(Unknown Source)
	at sun.reflect.DelegatingMethodAccessorImpl.invoke(Unknown Source)
	at java.lang.reflect.Method.invoke(Unknown Source)
	at org.testng.internal.MethodInvocationHelper.invokeMethod(MethodInvocationHelper.java:80)
	at org.testng.internal.Invoker.invokeMethod(Invoker.java:714)
	at org.testng.internal.Invoker.invokeTestMethod(Invoker.java:901)
	at org.testng.internal.Invoker.invokeTestMethods(Invoker.java:1231)
	at org.testng.internal.TestMethodWorker.invokeTestMethods(TestMethodWorker.java:127)
	at org.testng.internal.TestMethodWorker.run(TestMethodWorker.java:111)
	at org.testng.TestRunner.privateRun(TestRunner.java:767)
	at org.testng.TestRunner.run(TestRunner.java:617)
	at org.testng.SuiteRunner.runTest(SuiteRunner.java:334)
	at org.testng.SuiteRunner.runSequentially(SuiteRunner.java:329)
	at org.testng.SuiteRunner.privateRun(SuiteRunner.java:291)
	at org.testng.SuiteRunner.run(SuiteRunner.java:240)
	at org.testng.SuiteRunnerWorker.runSuite(SuiteRunnerWorker.java:52)
	at org.testng.SuiteRunnerWorker.run(SuiteRunnerWorker.java:86)
	at org.testng.TestNG.runSuitesSequentially(TestNG.java:1198)
	at org.testng.TestNG.runSuitesLocally(TestNG.java:1123)
	at org.testng.TestNG.run(TestNG.java:1031)
	at org.testng.remote.AbstractRemoteTestNG.run(AbstractRemoteTestNG.java:126)
	at org.testng.remote.RemoteTestNG.initAndRun(RemoteTestNG.java:137)
	at org.testng.remote.RemoteTestNG.main(RemoteTestNG.java:58)
</pre></div></td>
<td>0</td>
<td>automationFramework.TestCases.ApiOamLinkSubsystemErrors@2a556333</td></tr>
</table><p>
<table width='100%' border='1' class='invocation-passed'>
<tr><td colspan='4' align='center'><b>PASSED TESTS</b></td></tr>
<tr><td><b>Test method</b></td>
<td width="30%"><b>Exception</b></td>
<td width="10%"><b>Time (seconds)</b></td>
<td><b>Instance</b></td>
</tr>
<tr>
<td title='automationFramework.TestCases.ApiOamLinkSubsystemErrors.ApiBalanceTransferSmall()'><b>ApiBalanceTransferSmall</b><br>Test class: automationFramework.TestCases.ApiOamLinkSubsystemErrors</td>
<td></td>
<td>0</td>
<td>automationFramework.TestCases.ApiOamLinkSubsystemErrors@2a556333</td></tr>
<tr>
<td title='automationFramework.TestCases.ApiOamChargeTransaction.ApiChargeTransaction()'><b>ApiChargeTransaction</b><br>Test class: automationFramework.TestCases.ApiOamChargeTransaction</td>
<td></td>
<td>0</td>
<td>automationFramework.TestCases.ApiOamChargeTransaction@480bdb19</td></tr>
<tr>
<td title='automationFramework.TestCases.ApiOamLinkSubsystemErrors.ApiErrorAccountBlank()'><b>ApiErrorAccountBlank</b><br>Test class: automationFramework.TestCases.ApiOamLinkSubsystemErrors</td>
<td></td>
<td>0</td>
<td>automationFramework.TestCases.ApiOamLinkSubsystemErrors@2a556333</td></tr>
<tr>
<td title='automationFramework.TestCases.ApiOamLinkSubsystemErrors.ApiErrorAccountNotFound()'><b>ApiErrorAccountNotFound</b><br>Test class: automationFramework.TestCases.ApiOamLinkSubsystemErrors</td>
<td></td>
<td>0</td>
<td>automationFramework.TestCases.ApiOamLinkSubsystemErrors@2a556333</td></tr>
<tr>
<td title='automationFramework.TestCases.ApiOamLinkSubsystemErrors.ApiErrorClientRefIdBlank()'><b>ApiErrorClientRefIdBlank</b><br>Test class: automationFramework.TestCases.ApiOamLinkSubsystemErrors</td>
<td></td>
<td>0</td>
<td>automationFramework.TestCases.ApiOamLinkSubsystemErrors@2a556333</td></tr>
<tr>
<td title='automationFramework.TestCases.ApiOamLinkSubsystemErrors.ApiErrorClientRefIdMax()'><b>ApiErrorClientRefIdMax</b><br>Test class: automationFramework.TestCases.ApiOamLinkSubsystemErrors</td>
<td></td>
<td>0</td>
<td>automationFramework.TestCases.ApiOamLinkSubsystemErrors@2a556333</td></tr>
<tr>
<td title='automationFramework.TestCases.ApiOamLinkSubsystemErrors.ApiErrorCustomerIDBlank()'><b>ApiErrorCustomerIDBlank</b><br>Test class: automationFramework.TestCases.ApiOamLinkSubsystemErrors</td>
<td></td>
<td>0</td>
<td>automationFramework.TestCases.ApiOamLinkSubsystemErrors@2a556333</td></tr>
<tr>
<td title='automationFramework.TestCases.ApiOamLinkSubsystemErrors.ApiErrorCustomerIDIncorrect()'><b>ApiErrorCustomerIDIncorrect</b><br>Test class: automationFramework.TestCases.ApiOamLinkSubsystemErrors</td>
<td></td>
<td>0</td>
<td>automationFramework.TestCases.ApiOamLinkSubsystemErrors@2a556333</td></tr>
<tr>
<td title='automationFramework.TestCases.ApiOamLinkSubsystemErrors.ApiErrorCustomerIDMax()'><b>ApiErrorCustomerIDMax</b><br>Test class: automationFramework.TestCases.ApiOamLinkSubsystemErrors</td>
<td></td>
<td>0</td>
<td>automationFramework.TestCases.ApiOamLinkSubsystemErrors@2a556333</td></tr>
<tr>
<td title='automationFramework.TestCases.ApiOamLinkSubsystemErrors.ApiExternalRefNbrBlank()'><b>ApiExternalRefNbrBlank</b><br>Test class: automationFramework.TestCases.ApiOamLinkSubsystemErrors</td>
<td></td>
<td>0</td>
<td>automationFramework.TestCases.ApiOamLinkSubsystemErrors@2a556333</td></tr>
<tr>
<td title='automationFramework.TestCases.ApiOamLinkSubsystemErrors.ApiExternalRefNbrMax()'><b>ApiExternalRefNbrMax</b><br>Test class: automationFramework.TestCases.ApiOamLinkSubsystemErrors</td>
<td></td>
<td>0</td>
<td>automationFramework.TestCases.ApiOamLinkSubsystemErrors@2a556333</td></tr>
<tr>
<td title='automationFramework.TestCases.ApiOamLinkSubsystemErrors.ApiExternalSubsystemAccountIdBlank()'><b>ApiExternalSubsystemAccountIdBlank</b><br>Test class: automationFramework.TestCases.ApiOamLinkSubsystemErrors</td>
<td></td>
<td>0</td>
<td>automationFramework.TestCases.ApiOamLinkSubsystemErrors@2a556333</td></tr>
<tr>
<td title='automationFramework.TestCases.ApiOamLinkSubsystemErrors.ApiExternalSubsystemAccountIdMax()'><b>ApiExternalSubsystemAccountIdMax</b><br>Test class: automationFramework.TestCases.ApiOamLinkSubsystemErrors</td>
<td></td>
<td>0</td>
<td>automationFramework.TestCases.ApiOamLinkSubsystemErrors@2a556333</td></tr>
<tr>
<td title='automationFramework.TestCases.ApiOamGetAccount.ApiGetSuccess()'><b>ApiGetSuccess</b><br>Test class: automationFramework.TestCases.ApiOamGetAccount</td>
<td></td>
<td>0</td>
<td>automationFramework.TestCases.ApiOamGetAccount@34cd072c</td></tr>
<tr>
<td title='automationFramework.TestCases.ApiOamLinkSubsystemErrors.ApiNickNameMax()'><b>ApiNickNameMax</b><br>Test class: automationFramework.TestCases.ApiOamLinkSubsystemErrors</td>
<td></td>
<td>0</td>
<td>automationFramework.TestCases.ApiOamLinkSubsystemErrors@2a556333</td></tr>
<tr>
<td title='automationFramework.TestCases.ApiOamCreateAccount.ApiPostSuccess()'><b>ApiPostSuccess</b><br>Test class: automationFramework.TestCases.ApiOamCreateAccount</td>
<td></td>
<td>0</td>
<td>automationFramework.TestCases.ApiOamCreateAccount@69a3d1d</td></tr>
<tr>
<td title='automationFramework.TestCases.ApiOamLinkSubsystem.ApiSuccess()'><b>ApiSuccess</b><br>Test class: automationFramework.TestCases.ApiOamLinkSubsystem</td>
<td></td>
<td>0</td>
<td>automationFramework.TestCases.ApiOamLinkSubsystem@4b553d26</td></tr>
<tr>
<td title='automationFramework.TestCases.ApiOamLoadTransaction.ApiSuccess()'><b>ApiSuccess</b><br>Test class: automationFramework.TestCases.ApiOamLoadTransaction</td>
<td></td>
<td>0</td>
<td>automationFramework.TestCases.ApiOamLoadTransaction@86be70a</td></tr>
</table><p>
</body>
</html>